cgbrfsx
cgbsvxx
cgerfsx
cgesvxx
cherfsx
chesvxx
cla_gbamv
cla_gbrcond_c
cla_gbrcond_x
cla_gbrfsx_extended
cla_gbrpvgrw
cla_geamv
cla_gercond_c
cla_gercond_x
cla_gerfsx_extended
cla_heamv
cla_hercond_c
cla_hercond_x
cla_herfsx_extended
cla_herpvgrw
cla_lin_berr
cla_porcond_c
cla_porcond_x
cla_porfsx_extended
cla_porpvgrw
cla_rpvgrw
cla_syamv
cla_syrcond_c
cla_syrcond_x
cla_syrfsx_extended
cla_syrpvgrw
cla_wwaddw
clarscl2
clascl2
cporfsx
cposvxx
csyrfsx
csysvxx
dgbrfsx
dgbsvxx
dgerfsx
dgesvxx
dla_gbamv
dla_gbrcond
dla_gbrfsx_extended
dla_gbrpvgrw
dla_geamv
dla_gercond
dla_gerfsx_extended
dla_lin_berr
dla_porcond
dla_porfsx_extended
dla_porpvgrw
dla_rpvgrw
dla_syamv
dla_syrcond
dla_syrfsx_extended
dla_syrpvgrw
dla_wwaddw
dlarscl2
dlascl2
dporfsx
dposvxx
dsyrfsx
dsysvxx
sgbrfsx
sgbsvxx
sgerfsx
sgesvxx
sla_gbamv
sla_gbrcond
sla_gbrfsx_extended
sla_gbrpvgrw
sla_geamv
sla_gercond
sla_gerfsx_extended
sla_lin_berr
sla_porcond
sla_porfsx_extended
sla_porpvgrw
sla_rpvgrw
sla_syamv
sla_syrcond
sla_syrfsx_extended
sla_syrpvgrw
sla_wwaddw
slarscl2
slascl2
sporfsx
sposvxx
ssyrfsx
ssysvxx
zgbrfsx
zgbsvxx
zgerfsx
zgesvxx
zherfsx
zhesvxx
zla_gbamv
zla_gbrcond_c
zla_gbrcond_x
zla_gbrfsx_extended
zla_gbrpvgrw
zla_geamv
zla_gercond_c
zla_gercond_x
zla_gerfsx_extended
zla_heamv
zla_hercond_c
zla_hercond_x
zla_herfsx_extended
zla_herpvgrw
zla_lin_berr
zla_porcond_c
zla_porcond_x
zla_porfsx_extended
zla_porpvgrw
zla_rpvgrw
zla_syamv
zla_syrcond_c
zla_syrcond_x
zla_syrfsx_extended
zla_syrpvgrw
zla_wwaddw
zlarscl2
zlascl2
zporfsx
zposvxx
zsyrfsx
zsysvxx
